<?xml version="1.0" encoding="UTF-8"?>
<!-- Generated by org.testng.reporters.JUnitXMLReporter -->
<testsuite ignored="1" hostname="DESKTOP-M4GRLMR" failures="0" tests="3" name="Basics" time="0.302" errors="0" timestamp="2023-10-08T21:00:33 EET">
  <testcase classname="CrudMethodTesting.BasicsCrudMethods" name="AddNewData" time="0.019"/>
  <testcase classname="CrudMethodTesting.BasicsCrudMethods" name="UpdateCustomerNumber" time="0.003"/>
  <testcase classname="CrudMethodTesting.BasicsCrudMethods" name="SelectOneCustomer" time="0.02"/>
  <testcase classname="CrudMethodTesting.BasicsCrudMethods" name="DeleteUser" time="0.0">
    <ignored/>
  </testcase> <!-- DeleteUser -->
</testsuite> <!-- Basics -->
