<?xml version="1.0" encoding="UTF-8"?>
<!-- Generated by org.testng.reporters.JUnitXMLReporter -->
<testsuite ignored="0" hostname="DESKTOP-M4GRLMR" failures="0" tests="4" name="Default test" time="0.303" errors="0" timestamp="2023-10-08T20:50:06 EET">
  <testcase classname="DatabaseConnection" name="AddNewData" time="0.017"/>
  <testcase classname="DatabaseConnection" name="UpdateCustomerNumber" time="0.004"/>
  <testcase classname="DatabaseConnection" name="SelectOneCustomer" time="0.021"/>
  <testcase classname="DatabaseConnection" name="DeleteUser" time="0.002"/>
</testsuite> <!-- Default test -->
