<?xml version="1.0" encoding="UTF-8"?>
<testng-results ignored="1" total="4" passed="3" failed="0" skipped="0">
  <reporter-output>
  </reporter-output>
  <suite started-at="2023-10-08T21:00:32 EET" name="DataBaseTesting" finished-at="2023-10-08T21:00:33 EET" duration-ms="302">
    <groups>
    </groups>
    <test started-at="2023-10-08T21:00:32 EET" name="Basics" finished-at="2023-10-08T21:00:33 EET" duration-ms="302">
      <class name="CrudMethodTesting.BasicsCrudMethods">
        <test-method is-config="true" signature="preTest()[pri:0, instance:CrudMethodTesting.BasicsCrudMethods@48ae9b55]" started-at="2023-10-08T21:00:32 EET" name="preTest" finished-at="2023-10-08T21:00:33 EET" duration-ms="242" status="PASS">
          <reporter-output>
          </reporter-output>
        </test-method> <!-- preTest -->
        <test-method signature="AddNewData()[pri:1, instance:CrudMethodTesting.BasicsCrudMethods@48ae9b55]" started-at="2023-10-08T21:00:33 EET" name="AddNewData" finished-at="2023-10-08T21:00:33 EET" duration-ms="19" status="PASS">
          <reporter-output>
          </reporter-output>
        </test-method> <!-- AddNewData -->
        <test-method signature="UpdateCustomerNumber()[pri:2, instance:CrudMethodTesting.BasicsCrudMethods@48ae9b55]" started-at="2023-10-08T21:00:33 EET" name="UpdateCustomerNumber" finished-at="2023-10-08T21:00:33 EET" duration-ms="3" status="PASS">
          <reporter-output>
          </reporter-output>
        </test-method> <!-- UpdateCustomerNumber -->
        <test-method signature="SelectOneCustomer()[pri:3, instance:CrudMethodTesting.BasicsCrudMethods@48ae9b55]" started-at="2023-10-08T21:00:33 EET" name="SelectOneCustomer" finished-at="2023-10-08T21:00:33 EET" duration-ms="20" status="PASS">
          <reporter-output>
          </reporter-output>
        </test-method> <!-- SelectOneCustomer -->
        <test-method is-config="true" signature="postTest()[pri:0, instance:CrudMethodTesting.BasicsCrudMethods@48ae9b55]" started-at="2023-10-08T21:00:33 EET" name="postTest" finished-at="2023-10-08T21:00:33 EET" duration-ms="1" status="PASS">
          <reporter-output>
          </reporter-output>
        </test-method> <!-- postTest -->
      </class> <!-- CrudMethodTesting.BasicsCrudMethods -->
    </test> <!-- Basics -->
  </suite> <!-- DataBaseTesting -->
</testng-results>
